# JRE version: OpenJDK Runtime Environment (20.0.1+9) (build 20.0.1+9-29)
# Java VM: OpenJDK 64-Bit Server VM (20.0.1+9-29, mixed mode, sharing, tiered, compressed oops, compressed class ptrs, g1 gc, windows-amd64)
GC Precious Log:
 CardTable entry size: 512
 Card Set container configuration: InlinePtr #cards 5 size 8 Array Of Cards #cards 12 size 40 Howl #buckets 4 coarsen threshold 1843 Howl Bitmap #cards 512 size 80 coarsen threshold 460 Card regions per heap region 1 cards per card region 2048
 CPUs: 4 total, 4 available
 Memory: 3969M
 Large Page Support: Disabled
 NUMA Support: Disabled
 Compressed Oops: Enabled (32-bit)
 Heap Region Size: 1M
 Heap Min Capacity: 256M
 Heap Initial Capacity: 256M
 Heap Max Capacity: 512M
 Pre-touch: Disabled
 Parallel Workers: 4
 Concurrent Workers: 1
 Concurrent Refinement Workers: 4
 Periodic GC: Disabled
Heap:
 garbage-first heap   total 262144K, used 117722K [0x00000000e0000000, 0x0000000100000000)
  region size 1024K, 3 young (3072K), 3 survivors (3072K)
 Metaspace       used 71396K, committed 75200K, reserved 380928K
  class space    used 9205K, committed 10688K, reserved 315392K
GC Heap History (20 events):
Event: 780.031 GC heap after
{Heap after GC invocations=25 (full 0):
 garbage-first heap   total 262144K, used 102978K [0x00000000e0000000, 0x0000000100000000)
  region size 1024K, 7 young (7168K), 7 survivors (7168K)
 Metaspace       used 72695K, committed 74752K, reserved 380928K
  class space    used 9446K, committed 10752K, reserved 315392K
}
Event: 785.872 GC heap before
{Heap before GC invocations=26 (full 0):
 garbage-first heap   total 262144K, used 192066K [0x00000000e0000000, 0x0000000100000000)
  region size 1024K, 96 young (98304K), 7 survivors (7168K)
 Metaspace       used 70652K, committed 73600K, reserved 380928K
  class space    used 9190K, committed 10688K, reserved 315392K
}
Event: 786.031 GC heap after
{Heap after GC invocations=27 (full 0):
 garbage-first heap   total 262144K, used 111726K [0x00000000e0000000, 0x0000000100000000)
  region size 1024K, 12 young (12288K), 12 survivors (12288K)
 Metaspace       used 70652K, committed 73600K, reserved 380928K
  class space    used 9190K, committed 10688K, reserved 315392K
}
Event: 786.053 GC heap before
{Heap before GC invocations=27 (full 0):
 garbage-first heap   total 262144K, used 112750K [0x00000000e0000000, 0x0000000100000000)
  region size 1024K, 13 young (13312K), 12 survivors (12288K)
 Metaspace       used 70652K, committed 73600K, reserved 380928K
  class space    used 9190K, committed 10688K, reserved 315392K
}
Event: 786.135 GC heap after
{Heap after GC invocations=28 (full 0):
 garbage-first heap   total 262144K, used 109041K [0x00000000e0000000, 0x0000000100000000)
  region size 1024K, 2 young (2048K), 2 survivors (2048K)
 Metaspace       used 70652K, committed 73600K, reserved 380928K
  class space    used 9190K, committed 10688K, reserved 315392K
}
Event: 786.543 GC heap before
{Heap before GC invocations=28 (full 0):
 garbage-first heap   total 262144K, used 142833K [0x00000000e0000000, 0x0000000100000000)
  region size 1024K, 35 young (35840K), 2 survivors (2048K)
 Metaspace       used 70713K, committed 73600K, reserved 380928K
  class space    used 9190K, committed 10688K, reserved 315392K
}
Event: 786.555 GC heap after
{Heap after GC invocations=29 (full 0):
 garbage-first heap   total 262144K, used 105156K [0x00000000e0000000, 0x0000000100000000)
  region size 1024K, 1 young (1024K), 1 survivors (1024K)
 Metaspace       used 70713K, committed 73600K, reserved 380928K
  class space    used 9190K, committed 10688K, reserved 315392K
}
Event: 834.284 GC heap before
{Heap before GC invocations=29 (full 0):
 garbage-first heap   total 262144K, used 169668K [0x00000000e0000000, 0x0000000100000000)
  region size 1024K, 64 young (65536K), 1 survivors (1024K)
 Metaspace       used 70985K, committed 73664K, reserved 380928K
  class space    used 9199K, committed 10688K, reserved 315392K
}
Event: 834.467 GC heap after
{Heap after GC invocations=30 (full 0):
 garbage-first heap   total 262144K, used 105205K [0x00000000e0000000, 0x0000000100000000)
  region size 1024K, 6 young (6144K), 6 survivors (6144K)
 Metaspace       used 70985K, committed 73664K, reserved 380928K
  class space    used 9199K, committed 10688K, reserved 315392K
}
Event: 834.650 GC heap before
{Heap before GC invocations=30 (full 0):
 garbage-first heap   total 262144K, used 116469K [0x00000000e0000000, 0x0000000100000000)
  region size 1024K, 17 young (17408K), 6 survivors (6144K)
 Metaspace       used 70996K, committed 73664K, reserved 380928K
  class space    used 9200K, committed 10688K, reserved 315392K
}
Event: 834.743 GC heap after
{Heap after GC invocations=31 (full 0):
 garbage-first heap   total 262144K, used 102057K [0x00000000e0000000, 0x0000000100000000)
  region size 1024K, 2 young (2048K), 2 survivors (2048K)
 Metaspace       used 70996K, committed 73664K, reserved 380928K
  class space    used 9200K, committed 10688K, reserved 315392K
}
Event: 842.474 GC heap before
{Heap before GC invocations=31 (full 0):
 garbage-first heap   total 262144K, used 163497K [0x00000000e0000000, 0x0000000100000000)
  region size 1024K, 61 young (62464K), 2 survivors (2048K)
 Metaspace       used 71255K, committed 73664K, reserved 380928K
  class space    used 9207K, committed 10688K, reserved 315392K
}
Event: 842.565 GC heap after
{Heap after GC invocations=32 (full 0):
 garbage-first heap   total 262144K, used 107993K [0x00000000e0000000, 0x0000000100000000)
  region size 1024K, 8 young (8192K), 8 survivors (8192K)
 Metaspace       used 71255K, committed 73664K, reserved 380928K
  class space    used 9207K, committed 10688K, reserved 315392K
}
Event: 842.733 GC heap before
{Heap before GC invocations=32 (full 0):
 garbage-first heap   total 262144K, used 116185K [0x00000000e0000000, 0x0000000100000000)
  region size 1024K, 16 young (16384K), 8 survivors (8192K)
 Metaspace       used 71258K, committed 73664K, reserved 380928K
  class space    used 9207K, committed 10688K, reserved 315392K
}
Event: 842.785 GC heap after
{Heap after GC invocations=33 (full 0):
 garbage-first heap   total 262144K, used 108032K [0x00000000e0000000, 0x0000000100000000)
  region size 1024K, 2 young (2048K), 2 survivors (2048K)
 Metaspace       used 71258K, committed 73664K, reserved 380928K
  class space    used 9207K, committed 10688K, reserved 315392K
}
Event: 845.341 GC heap before
{Heap before GC invocations=33 (full 0):
 garbage-first heap   total 262144K, used 178688K [0x00000000e0000000, 0x0000000100000000)
  region size 1024K, 72 young (73728K), 2 survivors (2048K)
 Metaspace       used 72961K, committed 74880K, reserved 380928K
  class space    used 9401K, committed 10688K, reserved 315392K
}
Event: 845.414 GC heap after
{Heap after GC invocations=34 (full 0):
 garbage-first heap   total 262144K, used 112046K [0x00000000e0000000, 0x0000000100000000)
  region size 1024K, 7 young (7168K), 7 survivors (7168K)
 Metaspace       used 72961K, committed 74880K, reserved 380928K
  class space    used 9401K, committed 10688K, reserved 315392K
}
Event: 945.095 GC heap before
{Heap before GC invocations=34 (full 0):
 garbage-first heap   total 262144K, used 220590K [0x00000000e0000000, 0x0000000100000000)
  region size 1024K, 114 young (116736K), 7 survivors (7168K)
 Metaspace       used 73215K, committed 75200K, reserved 380928K
  class space    used 9411K, committed 10688K, reserved 315392K
}
Event: 945.368 GC heap after
{Heap after GC invocations=35 (full 0):
 garbage-first heap   total 262144K, used 116519K [0x00000000e0000000, 0x0000000100000000)
  region size 1024K, 11 young (11264K), 11 survivors (11264K)
 Metaspace       used 73215K, committed 75200K, reserved 380928K
  class space    used 9411K, committed 10688K, reserved 315392K
}
Event: 955.904 GC heap before
{Heap before GC invocations=35 (full 0):
 garbage-first heap   total 262144K, used 123687K [0x00000000e0000000, 0x0000000100000000)
  region size 1024K, 20 young (20480K), 11 survivors (11264K)
 Metaspace       used 71396K, committed 75200K, reserved 380928K
  class space    used 9205K, committed 10688K, reserved 315392K
}

